{"level":"error","message":"Thu Mar 09 2023 16:08:24 GMT+0530 (India Standard Time)-{}","private":true}
{"level":"error","message":"Thu Mar 09 2023 16:14:01 GMT+0530 (India Standard Time)-{}","private":true}
{"level":"error","message":"Fri Mar 10 2023 15:50:52 GMT+0530 (India Standard Time)-{}","private":true}
{"level":"error","message":"Fri Mar 10 2023 16:06:12 GMT+0530 (India Standard Time)-{}","private":true}
{"level":"error","message":"Fri Mar 10 2023 16:12:51 GMT+0530 (India Standard Time)-{}","private":true}
{"level":"error","message":"Fri Mar 10 2023 16:18:27 GMT+0530 (India Standard Time)-{}","private":true}
{"level":"error","message":"Fri Mar 10 2023 16:22:26 GMT+0530 (India Standard Time)-{\"name\":\"Data Not found\",\"statusCode\":500,\"isOperational\":true}","private":true}
{"level":"error","message":"Fri Mar 10 2023 16:22:28 GMT+0530 (India Standard Time)-{\"name\":\"Data Not found\",\"statusCode\":500,\"isOperational\":true}","private":true}
{"level":"error","message":"Fri Mar 10 2023 16:31:47 GMT+0530 (India Standard Time)-{}","private":true}
{"level":"error","message":"Fri Mar 10 2023 16:39:49 GMT+0530 (India Standard Time)-{}","private":true}
{"level":"error","message":"Fri Mar 10 2023 16:46:15 GMT+0530 (India Standard Time)-{}","private":true}
{"level":"error","message":"Fri Mar 10 2023 18:47:46 GMT+0530 (India Standard Time)-{}","private":true}
{"level":"error","message":"Fri Mar 10 2023 18:48:41 GMT+0530 (India Standard Time)-{}","private":true}
{"level":"error","message":"Fri Mar 10 2023 18:48:58 GMT+0530 (India Standard Time)-{}","private":true}
{"level":"error","message":"Fri Mar 10 2023 18:49:40 GMT+0530 (India Standard Time)-{}","private":true}
{"level":"error","message":"Fri Mar 10 2023 18:50:25 GMT+0530 (India Standard Time)-{}","private":true}
{"level":"error","message":"Fri Mar 10 2023 18:51:13 GMT+0530 (India Standard Time)-{}","private":true}
{"level":"error","message":"Fri Mar 10 2023 18:54:35 GMT+0530 (India Standard Time)-{}","private":true}
{"level":"error","message":"Fri Mar 10 2023 18:58:19 GMT+0530 (India Standard Time)-{}","private":true}
{"level":"error","message":"Fri Mar 10 2023 18:58:19 GMT+0530 (India Standard Time)-{\"code\":\"ERR_HTTP_INVALID_STATUS_CODE\"}","private":true}
{"level":"error","message":"Fri Mar 10 2023 18:58:19 GMT+0530 (India Standard Time)-{\"message\":\"Request failed with status code 404\",\"name\":\"AxiosError\",\"stack\":\"AxiosError: Request failed with status code 404\\n    at settle (/home/mohitkavad/Myprojects/shoping_MS/products/node_modules/axios/dist/node/axios.cjs:1900:12)\\n    at IncomingMessage.handleStreamEnd (/home/mohitkavad/Myprojects/shoping_MS/products/node_modules/axios/dist/node/axios.cjs:2952:11)\\n    at IncomingMessage.emit (node:events:525:35)\\n    at endReadableNT (node:internal/streams/readable:1358:12)\\n    at processTicksAndRejections (node:internal/process/task_queues:83:21)\",\"config\":{\"transitional\":{\"silentJSONParsing\":true,\"forcedJSONParsing\":true,\"clarifyTimeoutError\":false},\"adapter\":[\"xhr\",\"http\"],\"transformRequest\":[null],\"transformResponse\":[null],\"timeout\":0,\"xsrfCookieName\":\"XSRF-TOKEN\",\"xsrfHeaderName\":\"X-XSRF-TOKEN\",\"maxContentLength\":-1,\"maxBodyLength\":-1,\"env\":{\"Blob\":null},\"headers\":{\"Accept\":\"application/json, text/plain, */*\",\"Content-Type\":\"application/json\",\"User-Agent\":\"axios/1.3.4\",\"Content-Length\":\"2\",\"Accept-Encoding\":\"gzip, compress, deflate, br\"},\"method\":\"post\",\"url\":\"http://localhost:3000/customer/app-evetns\",\"data\":\"{}\"},\"code\":\"ERR_BAD_REQUEST\",\"status\":404}","private":true}
{"level":"error","message":"Fri Mar 10 2023 19:04:29 GMT+0530 (India Standard Time)-{}","private":true}
{"level":"error","message":"Fri Mar 10 2023 19:05:05 GMT+0530 (India Standard Time)-{}","private":true}
{"level":"error","message":"Fri Mar 10 2023 19:05:05 GMT+0530 (India Standard Time)-{\"code\":\"ERR_HTTP_INVALID_STATUS_CODE\"}","private":true}
{"level":"error","message":"Fri Mar 10 2023 19:05:05 GMT+0530 (India Standard Time)-{\"message\":\"Request failed with status code 404\",\"name\":\"AxiosError\",\"stack\":\"AxiosError: Request failed with status code 404\\n    at settle (/home/mohitkavad/Myprojects/shoping_MS/products/node_modules/axios/dist/node/axios.cjs:1900:12)\\n    at IncomingMessage.handleStreamEnd (/home/mohitkavad/Myprojects/shoping_MS/products/node_modules/axios/dist/node/axios.cjs:2952:11)\\n    at IncomingMessage.emit (node:events:525:35)\\n    at endReadableNT (node:internal/streams/readable:1358:12)\\n    at processTicksAndRejections (node:internal/process/task_queues:83:21)\",\"config\":{\"transitional\":{\"silentJSONParsing\":true,\"forcedJSONParsing\":true,\"clarifyTimeoutError\":false},\"adapter\":[\"xhr\",\"http\"],\"transformRequest\":[null],\"transformResponse\":[null],\"timeout\":0,\"xsrfCookieName\":\"XSRF-TOKEN\",\"xsrfHeaderName\":\"X-XSRF-TOKEN\",\"maxContentLength\":-1,\"maxBodyLength\":-1,\"env\":{\"Blob\":null},\"headers\":{\"Accept\":\"application/json, text/plain, */*\",\"Content-Type\":\"application/json\",\"User-Agent\":\"axios/1.3.4\",\"Content-Length\":\"2\",\"Accept-Encoding\":\"gzip, compress, deflate, br\"},\"method\":\"post\",\"url\":\"http://localhost:3000/customer/app-evetns\",\"data\":\"{}\"},\"code\":\"ERR_BAD_REQUEST\",\"status\":404}","private":true}
{"level":"error","message":"Fri Mar 10 2023 19:08:18 GMT+0530 (India Standard Time)-{}","private":true}
{"level":"error","message":"Fri Mar 10 2023 19:08:18 GMT+0530 (India Standard Time)-{\"code\":\"ERR_HTTP_INVALID_STATUS_CODE\"}","private":true}
{"level":"error","message":"Fri Mar 10 2023 19:08:18 GMT+0530 (India Standard Time)-{\"message\":\"Request failed with status code 404\",\"name\":\"AxiosError\",\"stack\":\"AxiosError: Request failed with status code 404\\n    at settle (/home/mohitkavad/Myprojects/shoping_MS/products/node_modules/axios/dist/node/axios.cjs:1900:12)\\n    at IncomingMessage.handleStreamEnd (/home/mohitkavad/Myprojects/shoping_MS/products/node_modules/axios/dist/node/axios.cjs:2952:11)\\n    at IncomingMessage.emit (node:events:525:35)\\n    at endReadableNT (node:internal/streams/readable:1358:12)\\n    at processTicksAndRejections (node:internal/process/task_queues:83:21)\",\"config\":{\"transitional\":{\"silentJSONParsing\":true,\"forcedJSONParsing\":true,\"clarifyTimeoutError\":false},\"adapter\":[\"xhr\",\"http\"],\"transformRequest\":[null],\"transformResponse\":[null],\"timeout\":0,\"xsrfCookieName\":\"XSRF-TOKEN\",\"xsrfHeaderName\":\"X-XSRF-TOKEN\",\"maxContentLength\":-1,\"maxBodyLength\":-1,\"env\":{\"Blob\":null},\"headers\":{\"Accept\":\"application/json, text/plain, */*\",\"Content-Type\":\"application/json\",\"User-Agent\":\"axios/1.3.4\",\"Content-Length\":\"2\",\"Accept-Encoding\":\"gzip, compress, deflate, br\"},\"method\":\"post\",\"url\":\"http://localhost:3000/customer/app-evetns\",\"data\":\"{}\"},\"code\":\"ERR_BAD_REQUEST\",\"status\":404}","private":true}
{"level":"error","message":"Fri Mar 10 2023 19:20:25 GMT+0530 (India Standard Time)-{}","private":true}
{"level":"error","message":"Fri Mar 10 2023 19:20:25 GMT+0530 (India Standard Time)-{\"code\":\"ERR_HTTP_INVALID_STATUS_CODE\"}","private":true}
{"level":"error","message":"Fri Mar 10 2023 19:24:40 GMT+0530 (India Standard Time)-{}","private":true}
{"level":"error","message":"Fri Mar 10 2023 19:24:40 GMT+0530 (India Standard Time)-{\"code\":\"ERR_HTTP_INVALID_STATUS_CODE\"}","private":true}
{"level":"error","message":"Fri Mar 10 2023 19:24:40 GMT+0530 (India Standard Time)-{\"code\":\"ERR_HTTP_INVALID_STATUS_CODE\"}","private":true}
